Using pre-set license
Built from '2020.3/staging' branch; Version is '2020.3.14f1 (d0d1bb862f9d) revision 13685179'; Using compiler version '192528614'; Build Type 'Release'
OS: 'Windows 10 Pro; OS build 19042.1110; Version 2009; 64bit' Language: 'en' Physical Memory: 8011 MB
BatchMode: 1, IsHumanControllingUs: 0, StartBugReporterOnCrash: 0, Is64bit: 1, IsPro: 0

 COMMAND LINE ARGUMENTS:
D:\Program Files\2020.3.14f1\Editor\Unity.exe
-adb2
-batchMode
-noUpm
-name
AssetImportWorker0
-projectPath
C:/Users/Home/Player
-logFile
Logs/AssetImportWorker0.log
-srvPort
53604
Successfully changed project path to: C:/Users/Home/Player
C:/Users/Home/Player
Using Asset Import Pipeline V2.
Refreshing native plugins compatible for Editor in 827.57 ms, found 2 plugins.
Preloading 0 native plugins for Editor in 0.00 ms.
Initialize engine version: 2020.3.14f1 (d0d1bb862f9d)
[Subsystems] Discovering subsystems at path D:/Program Files/2020.3.14f1/Editor/Data/Resources/UnitySubsystems
[Subsystems] Discovering subsystems at path C:/Users/Home/Player/Assets
GfxDevice: creating device client; threaded=0
Direct3D:
    Version:  Direct3D 11.0 [level 11.0]
    Renderer: NVIDIA GeForce 820M (ID=0x1140)
    Vendor:   
    VRAM:     2000 MB
    Driver:   23.21.13.8873
Initialize mono
Mono path[0] = 'D:/Program Files/2020.3.14f1/Editor/Data/Managed'
Mono path[1] = 'D:/Program Files/2020.3.14f1/Editor/Data/MonoBleedingEdge/lib/mono/unityjit'
Mono config path = 'D:/Program Files/2020.3.14f1/Editor/Data/MonoBleedingEdge/etc'
Using monoOptions --debugger-agent=transport=dt_socket,embedding=1,server=y,suspend=n,address=127.0.0.1:56332
Begin MonoManager ReloadAssembly
Registering precompiled unity dll's ...
Register platform support module: D:/Program Files/2020.3.14f1/Editor/Data/PlaybackEngines/WindowsStandaloneSupport/UnityEditor.WindowsStandalone.Extensions.dll
Registered in 0.004899 seconds.
Native extension for WindowsStandalone target not found
Refreshing native plugins compatible for Editor in 428.17 ms, found 2 plugins.
Preloading 0 native plugins for Editor in 0.00 ms.
Mono: successfully reloaded assembly
- Completed reload, in 11.047 seconds
Domain Reload Profiling:
	ReloadAssembly (11047ms)
		BeginReloadAssembly (354ms)
			ExecutionOrderSort (0ms)
			DisableScriptedObjects (0ms)
			BackupInstance (0ms)
			ReleaseScriptingObjects (0ms)
			CreateAndSetChildDomain (2ms)
		EndReloadAssembly (2394ms)
			LoadAssemblies (353ms)
			RebuildTransferFunctionScriptingTraits (0ms)
			SetupTypeCache (877ms)
			ReleaseScriptCaches (0ms)
			RebuildScriptCaches (117ms)
			SetupLoadedEditorAssemblies (1061ms)
				LogAssemblyErrors (0ms)
				InitializePlatformSupportModulesInManaged (27ms)
				SetLoadedEditorAssemblies (2ms)
				RefreshPlugins (428ms)
				BeforeProcessingInitializeOnLoad (17ms)
				ProcessInitializeOnLoadAttributes (322ms)
				ProcessInitializeOnLoadMethodAttributes (264ms)
				AfterProcessingInitializeOnLoad (0ms)
				EditorAssembliesLoaded (0ms)
			ExecutionOrderSort2 (0ms)
			AwakeInstancesAfterBackupRestoration (0ms)
Platform modules already initialized, skipping
Registering precompiled user dll's ...
Registered in 0.067464 seconds.
Begin MonoManager ReloadAssembly
Native extension for WindowsStandalone target not found
Refreshing native plugins compatible for Editor in 114.15 ms, found 2 plugins.
Preloading 0 native plugins for Editor in 0.00 ms.
Mono: successfully reloaded assembly
- Completed reload, in  2.738 seconds
Domain Reload Profiling:
	ReloadAssembly (2740ms)
		BeginReloadAssembly (366ms)
			ExecutionOrderSort (0ms)
			DisableScriptedObjects (10ms)
			BackupInstance (0ms)
			ReleaseScriptingObjects (0ms)
			CreateAndSetChildDomain (36ms)
		EndReloadAssembly (2185ms)
			LoadAssemblies (290ms)
			RebuildTransferFunctionScriptingTraits (0ms)
			SetupTypeCache (763ms)
			ReleaseScriptCaches (1ms)
			RebuildScriptCaches (114ms)
			SetupLoadedEditorAssemblies (747ms)
				LogAssemblyErrors (0ms)
				InitializePlatformSupportModulesInManaged (8ms)
				SetLoadedEditorAssemblies (0ms)
				RefreshPlugins (114ms)
				BeforeProcessingInitializeOnLoad (150ms)
				ProcessInitializeOnLoadAttributes (459ms)
				ProcessInitializeOnLoadMethodAttributes (10ms)
				AfterProcessingInitializeOnLoad (4ms)
				EditorAssembliesLoaded (0ms)
			ExecutionOrderSort2 (0ms)
			AwakeInstancesAfterBackupRestoration (16ms)
Platform modules already initialized, skipping
========================================================================
Worker process is ready to serve import requests
Shader 'Universal Render Pipeline/Particles/Lit': fallback shader 'Universal Render Pipeline/Particles/SimpleLit' not found
Shader 'Universal Render Pipeline/Particles/Lit': fallback shader 'Universal Render Pipeline/Particles/SimpleLit' not found
Launched and connected shader compiler UnityShaderCompiler.exe after 0.18 seconds
Refreshing native plugins compatible for Editor in 0.88 ms, found 2 plugins.
Preloading 0 native plugins for Editor in 0.00 ms.
Unloading 2702 Unused Serialized files (Serialized files now loaded: 0)
System memory in use before: 125.3 MB.
System memory in use after: 122.6 MB.

Unloading 52 unused Assets to reduce memory usage. Loaded Objects now: 3107.
Total: 8.100300 ms (FindLiveObjects: 0.556600 ms CreateObjectMapping: 0.424800 ms MarkObjects: 4.288900 ms  DeleteObjects: 2.827500 ms)

AssetImportParameters requested are different than current active one (requested -> active):
  custom:framework-win-MediaFoundation: 216162199b28c13a410421893ffa2e32 -> 
  custom:video-decoder-ogg-theora: a1e56fd34408186e4bbccfd4996cb3dc -> 
  custom:container-muxer-webm: aa71ff27fc2769a1b78a27578f13a17b -> 
  custom:container-demuxer-webm: 4f35f7cbe854078d1ac9338744f61a02 -> 
  custom:container-demuxer-ogg: 62fdf1f143b41e24485cea50d1cbac27 -> 
  custom:video-encoder-webm-vp8: eb34c28f22e8b96e1ab97ce403110664 -> 
  custom:video-decoder-webm-vp8: 9c59270c3fd7afecdb556c50c9e8de78 -> 
  custom:audio-decoder-ogg-vorbis: bf7c407c2cedff20999df2af8eb42d56 -> 
  custom:audio-encoder-webm-vorbis: bf7c407c2cedff20999df2af8eb42d56 -> 
========================================================================
Received Import Request.
  path: Assets/GameFlow.cs
  artifactKey: Guid(7d095e08520f30f4da5b0e4063ee659d) Importer(815301076,1909f56bfc062723c751e8b465ee728b)
Start importing Assets/GameFlow.cs using Guid(7d095e08520f30f4da5b0e4063ee659d) Importer(815301076,1909f56bfc062723c751e8b465ee728b)  -> (artifact id: '2ae1dc54d109311f7c92103bb003a1c0') in 0.209868 seconds 
  Import took 0.223357 seconds .

========================================================================
Received Prepare
Registering precompiled user dll's ...
Registered in 0.026286 seconds.
Begin MonoManager ReloadAssembly
Native extension for WindowsStandalone target not found
Refreshing native plugins compatible for Editor in 1.62 ms, found 2 plugins.
Preloading 0 native plugins for Editor in 0.00 ms.
Mono: successfully reloaded assembly
- Completed reload, in  6.960 seconds
Domain Reload Profiling:
	ReloadAssembly (6961ms)
		BeginReloadAssembly (564ms)
			ExecutionOrderSort (0ms)
			DisableScriptedObjects (52ms)
			BackupInstance (0ms)
			ReleaseScriptingObjects (1ms)
			CreateAndSetChildDomain (229ms)
		EndReloadAssembly (5986ms)
			LoadAssemblies (892ms)
			RebuildTransferFunctionScriptingTraits (0ms)
			SetupTypeCache (2414ms)
			ReleaseScriptCaches (4ms)
			RebuildScriptCaches (911ms)
			SetupLoadedEditorAssemblies (1167ms)
				LogAssemblyErrors (0ms)
				InitializePlatformSupportModulesInManaged (16ms)
				SetLoadedEditorAssemblies (2ms)
				RefreshPlugins (2ms)
				BeforeProcessingInitializeOnLoad (274ms)
				ProcessInitializeOnLoadAttributes (849ms)
				ProcessInitializeOnLoadMethodAttributes (15ms)
				AfterProcessingInitializeOnLoad (8ms)
				EditorAssembliesLoaded (1ms)
			ExecutionOrderSort2 (0ms)
			AwakeInstancesAfterBackupRestoration (36ms)
Platform modules already initialized, skipping
Shader 'Universal Render Pipeline/Particles/Lit': fallback shader 'Universal Render Pipeline/Particles/SimpleLit' not found
Shader 'Universal Render Pipeline/Particles/Lit': fallback shader 'Universal Render Pipeline/Particles/SimpleLit' not found
Refreshing native plugins compatible for Editor in 1.51 ms, found 2 plugins.
Preloading 0 native plugins for Editor in 0.00 ms.
Unloading 2621 Unused Serialized files (Serialized files now loaded: 0)
System memory in use before: 121.0 MB.
System memory in use after: 118.3 MB.

Unloading 47 unused Assets to reduce memory usage. Loaded Objects now: 3110.
Total: 12.344200 ms (FindLiveObjects: 0.681800 ms CreateObjectMapping: 0.331000 ms MarkObjects: 6.057200 ms  DeleteObjects: 5.271000 ms)

AssetImportParameters requested are different than current active one (requested -> active):
  custom:framework-win-MediaFoundation: 216162199b28c13a410421893ffa2e32 -> 
  custom:video-decoder-ogg-theora: a1e56fd34408186e4bbccfd4996cb3dc -> 
  custom:container-muxer-webm: aa71ff27fc2769a1b78a27578f13a17b -> 
  custom:container-demuxer-webm: 4f35f7cbe854078d1ac9338744f61a02 -> 
  custom:container-demuxer-ogg: 62fdf1f143b41e24485cea50d1cbac27 -> 
  custom:video-encoder-webm-vp8: eb34c28f22e8b96e1ab97ce403110664 -> 
  custom:video-decoder-webm-vp8: 9c59270c3fd7afecdb556c50c9e8de78 -> 
  custom:audio-decoder-ogg-vorbis: bf7c407c2cedff20999df2af8eb42d56 -> 
  custom:audio-encoder-webm-vorbis: bf7c407c2cedff20999df2af8eb42d56 -> 
========================================================================
Received Prepare
Registering precompiled user dll's ...
Registered in 0.010118 seconds.
Begin MonoManager ReloadAssembly
Native extension for WindowsStandalone target not found
Refreshing native plugins compatible for Editor in 1.54 ms, found 2 plugins.
Preloading 0 native plugins for Editor in 0.00 ms.
Mono: successfully reloaded assembly
- Completed reload, in  3.953 seconds
Domain Reload Profiling:
	ReloadAssembly (3954ms)
		BeginReloadAssembly (366ms)
			ExecutionOrderSort (0ms)
			DisableScriptedObjects (18ms)
			BackupInstance (0ms)
			ReleaseScriptingObjects (0ms)
			CreateAndSetChildDomain (134ms)
		EndReloadAssembly (3349ms)
			LoadAssemblies (341ms)
			RebuildTransferFunctionScriptingTraits (0ms)
			SetupTypeCache (1246ms)
			ReleaseScriptCaches (3ms)
			RebuildScriptCaches (202ms)
			SetupLoadedEditorAssemblies (1086ms)
				LogAssemblyErrors (0ms)
				InitializePlatformSupportModulesInManaged (15ms)
				SetLoadedEditorAssemblies (2ms)
				RefreshPlugins (2ms)
				BeforeProcessingInitializeOnLoad (210ms)
				ProcessInitializeOnLoadAttributes (841ms)
				ProcessInitializeOnLoadMethodAttributes (11ms)
				AfterProcessingInitializeOnLoad (5ms)
				EditorAssembliesLoaded (1ms)
			ExecutionOrderSort2 (0ms)
			AwakeInstancesAfterBackupRestoration (35ms)
Platform modules already initialized, skipping
Shader 'Universal Render Pipeline/Particles/Lit': fallback shader 'Universal Render Pipeline/Particles/SimpleLit' not found
Shader 'Universal Render Pipeline/Particles/Lit': fallback shader 'Universal Render Pipeline/Particles/SimpleLit' not found
Refreshing native plugins compatible for Editor in 1.66 ms, found 2 plugins.
Preloading 0 native plugins for Editor in 0.00 ms.
Unloading 2621 Unused Serialized files (Serialized files now loaded: 0)
System memory in use before: 121.2 MB.
System memory in use after: 118.5 MB.

Unloading 47 unused Assets to reduce memory usage. Loaded Objects now: 3113.
Total: 11.853400 ms (FindLiveObjects: 0.662400 ms CreateObjectMapping: 0.317600 ms MarkObjects: 6.398800 ms  DeleteObjects: 4.471200 ms)

AssetImportParameters requested are different than current active one (requested -> active):
  custom:framework-win-MediaFoundation: 216162199b28c13a410421893ffa2e32 -> 
  custom:video-decoder-ogg-theora: a1e56fd34408186e4bbccfd4996cb3dc -> 
  custom:container-muxer-webm: aa71ff27fc2769a1b78a27578f13a17b -> 
  custom:container-demuxer-webm: 4f35f7cbe854078d1ac9338744f61a02 -> 
  custom:container-demuxer-ogg: 62fdf1f143b41e24485cea50d1cbac27 -> 
  custom:video-encoder-webm-vp8: eb34c28f22e8b96e1ab97ce403110664 -> 
  custom:video-decoder-webm-vp8: 9c59270c3fd7afecdb556c50c9e8de78 -> 
  custom:audio-decoder-ogg-vorbis: bf7c407c2cedff20999df2af8eb42d56 -> 
  custom:audio-encoder-webm-vorbis: bf7c407c2cedff20999df2af8eb42d56 -> 
========================================================================
Received Prepare
Registering precompiled user dll's ...
Registered in 0.018013 seconds.
Begin MonoManager ReloadAssembly
Native extension for WindowsStandalone target not found
Refreshing native plugins compatible for Editor in 1.52 ms, found 2 plugins.
Preloading 0 native plugins for Editor in 0.00 ms.
Mono: successfully reloaded assembly
- Completed reload, in  6.039 seconds
Domain Reload Profiling:
	ReloadAssembly (6041ms)
		BeginReloadAssembly (458ms)
			ExecutionOrderSort (0ms)
			DisableScriptedObjects (21ms)
			BackupInstance (0ms)
			ReleaseScriptingObjects (0ms)
			CreateAndSetChildDomain (149ms)
		EndReloadAssembly (5170ms)
			LoadAssemblies (457ms)
			RebuildTransferFunctionScriptingTraits (0ms)
			SetupTypeCache (1864ms)
			ReleaseScriptCaches (4ms)
			RebuildScriptCaches (265ms)
			SetupLoadedEditorAssemblies (1918ms)
				LogAssemblyErrors (0ms)
				InitializePlatformSupportModulesInManaged (36ms)
				SetLoadedEditorAssemblies (2ms)
				RefreshPlugins (2ms)
				BeforeProcessingInitializeOnLoad (286ms)
				ProcessInitializeOnLoadAttributes (1559ms)
				ProcessInitializeOnLoadMethodAttributes (19ms)
				AfterProcessingInitializeOnLoad (13ms)
				EditorAssembliesLoaded (2ms)
			ExecutionOrderSort2 (0ms)
			AwakeInstancesAfterBackupRestoration (57ms)
Platform modules already initialized, skipping
Shader 'Universal Render Pipeline/Particles/Lit': fallback shader 'Universal Render Pipeline/Particles/SimpleLit' not found
Shader 'Universal Render Pipeline/Particles/Lit': fallback shader 'Universal Render Pipeline/Particles/SimpleLit' not found
Refreshing native plugins compatible for Editor in 1.79 ms, found 2 plugins.
Preloading 0 native plugins for Editor in 0.00 ms.
Unloading 2621 Unused Serialized files (Serialized files now loaded: 0)
System memory in use before: 121.2 MB.
System memory in use after: 118.5 MB.

Unloading 47 unused Assets to reduce memory usage. Loaded Objects now: 3116.
Total: 15.099500 ms (FindLiveObjects: 1.158900 ms CreateObjectMapping: 0.783800 ms MarkObjects: 7.668400 ms  DeleteObjects: 5.484800 ms)

AssetImportParameters requested are different than current active one (requested -> active):
  custom:framework-win-MediaFoundation: 216162199b28c13a410421893ffa2e32 -> 
  custom:video-decoder-ogg-theora: a1e56fd34408186e4bbccfd4996cb3dc -> 
  custom:container-muxer-webm: aa71ff27fc2769a1b78a27578f13a17b -> 
  custom:container-demuxer-webm: 4f35f7cbe854078d1ac9338744f61a02 -> 
  custom:container-demuxer-ogg: 62fdf1f143b41e24485cea50d1cbac27 -> 
  custom:video-encoder-webm-vp8: eb34c28f22e8b96e1ab97ce403110664 -> 
  custom:video-decoder-webm-vp8: 9c59270c3fd7afecdb556c50c9e8de78 -> 
  custom:audio-decoder-ogg-vorbis: bf7c407c2cedff20999df2af8eb42d56 -> 
  custom:audio-encoder-webm-vorbis: bf7c407c2cedff20999df2af8eb42d56 -> 
========================================================================
Received Prepare
Registering precompiled user dll's ...
Registered in 0.015563 seconds.
Begin MonoManager ReloadAssembly
Native extension for WindowsStandalone target not found
Refreshing native plugins compatible for Editor in 0.99 ms, found 2 plugins.
Preloading 0 native plugins for Editor in 0.00 ms.
Mono: successfully reloaded assembly
- Completed reload, in  3.806 seconds
Domain Reload Profiling:
	ReloadAssembly (3807ms)
		BeginReloadAssembly (420ms)
			ExecutionOrderSort (0ms)
			DisableScriptedObjects (18ms)
			BackupInstance (0ms)
			ReleaseScriptingObjects (0ms)
			CreateAndSetChildDomain (157ms)
		EndReloadAssembly (3150ms)
			LoadAssemblies (337ms)
			RebuildTransferFunctionScriptingTraits (0ms)
			SetupTypeCache (1279ms)
			ReleaseScriptCaches (3ms)
			RebuildScriptCaches (181ms)
			SetupLoadedEditorAssemblies (868ms)
				LogAssemblyErrors (0ms)
				InitializePlatformSupportModulesInManaged (12ms)
				SetLoadedEditorAssemblies (1ms)
				RefreshPlugins (1ms)
				BeforeProcessingInitializeOnLoad (166ms)
				ProcessInitializeOnLoadAttributes (666ms)
				ProcessInitializeOnLoadMethodAttributes (14ms)
				AfterProcessingInitializeOnLoad (7ms)
				EditorAssembliesLoaded (1ms)
			ExecutionOrderSort2 (0ms)
			AwakeInstancesAfterBackupRestoration (34ms)
Platform modules already initialized, skipping
Shader 'Universal Render Pipeline/Particles/Lit': fallback shader 'Universal Render Pipeline/Particles/SimpleLit' not found
Shader 'Universal Render Pipeline/Particles/Lit': fallback shader 'Universal Render Pipeline/Particles/SimpleLit' not found
Refreshing native plugins compatible for Editor in 1.56 ms, found 2 plugins.
Preloading 0 native plugins for Editor in 0.00 ms.
Unloading 2621 Unused Serialized files (Serialized files now loaded: 0)
System memory in use before: 121.2 MB.
System memory in use after: 118.5 MB.

Unloading 47 unused Assets to reduce memory usage. Loaded Objects now: 3119.
Total: 12.943300 ms (FindLiveObjects: 0.970200 ms CreateObjectMapping: 0.476200 ms MarkObjects: 6.722500 ms  DeleteObjects: 4.770600 ms)

AssetImportParameters requested are different than current active one (requested -> active):
  custom:framework-win-MediaFoundation: 216162199b28c13a410421893ffa2e32 -> 
  custom:video-decoder-ogg-theora: a1e56fd34408186e4bbccfd4996cb3dc -> 
  custom:container-muxer-webm: aa71ff27fc2769a1b78a27578f13a17b -> 
  custom:container-demuxer-webm: 4f35f7cbe854078d1ac9338744f61a02 -> 
  custom:container-demuxer-ogg: 62fdf1f143b41e24485cea50d1cbac27 -> 
  custom:video-encoder-webm-vp8: eb34c28f22e8b96e1ab97ce403110664 -> 
  custom:video-decoder-webm-vp8: 9c59270c3fd7afecdb556c50c9e8de78 -> 
  custom:audio-decoder-ogg-vorbis: bf7c407c2cedff20999df2af8eb42d56 -> 
  custom:audio-encoder-webm-vorbis: bf7c407c2cedff20999df2af8eb42d56 -> 
========================================================================
Received Import Request.
  Time since last request: 502.112292 seconds.
  path: Assets/Dockyard_level/WoodenCreate/WoodenCreates 1.prefab
  artifactKey: Guid(1571f8aa9c5bd804f96f08c1407b2b15) Importer(815301076,1909f56bfc062723c751e8b465ee728b)
Start importing Assets/Dockyard_level/WoodenCreate/WoodenCreates 1.prefab using Guid(1571f8aa9c5bd804f96f08c1407b2b15) Importer(815301076,1909f56bfc062723c751e8b465ee728b)  -> (artifact id: '65f879d491afc0fd80e1a4f30e396073') in 0.774271 seconds 
  Import took 0.791020 seconds .

========================================================================
Received Import Request.
  Time since last request: 4.792750 seconds.
  path: Assets/Dockyard_level/WoodenCreate/WoodenCreates.prefab
  artifactKey: Guid(1571f8aa9c5bd804f96f08c1407b2b15) Importer(815301076,1909f56bfc062723c751e8b465ee728b)
Start importing Assets/Dockyard_level/WoodenCreate/WoodenCreates.prefab using Guid(1571f8aa9c5bd804f96f08c1407b2b15) Importer(815301076,1909f56bfc062723c751e8b465ee728b)  -> (artifact id: '8fce791fad9e476b2f4f53565321be80') in 0.077835 seconds 
  Import took 0.093513 seconds .

========================================================================
Received Import Request.
  Time since last request: 82.500708 seconds.
  path: Assets/Dockyard_level/WoodenCreate/WoodenCreates.prefab
  artifactKey: Guid(1571f8aa9c5bd804f96f08c1407b2b15) Importer(815301076,1909f56bfc062723c751e8b465ee728b)
Start importing Assets/Dockyard_level/WoodenCreate/WoodenCreates.prefab using Guid(1571f8aa9c5bd804f96f08c1407b2b15) Importer(815301076,1909f56bfc062723c751e8b465ee728b)  -> (artifact id: '91fdb25fd62ff9b59814f4bdc336c010') in 0.042991 seconds 
  Import took 0.060299 seconds .

========================================================================
Received Import Request.
  Time since last request: 608.405646 seconds.
  path: Assets/Dockyard_level/WoodenCreate/WoodenCreates.prefab
  artifactKey: Guid(1571f8aa9c5bd804f96f08c1407b2b15) Importer(815301076,1909f56bfc062723c751e8b465ee728b)
Start importing Assets/Dockyard_level/WoodenCreate/WoodenCreates.prefab using Guid(1571f8aa9c5bd804f96f08c1407b2b15) Importer(815301076,1909f56bfc062723c751e8b465ee728b)  -> (artifact id: 'de9bd8b37822cf167605a1538b4d5f2a') in 0.048200 seconds 
  Import took 0.063850 seconds .

========================================================================
Received Import Request.
  Time since last request: 1.525118 seconds.
  path: Assets/Dockyard_level/WoodenCreate/WoodenCreates.prefab
  artifactKey: Guid(1571f8aa9c5bd804f96f08c1407b2b15) Importer(815301076,1909f56bfc062723c751e8b465ee728b)
Start importing Assets/Dockyard_level/WoodenCreate/WoodenCreates.prefab using Guid(1571f8aa9c5bd804f96f08c1407b2b15) Importer(815301076,1909f56bfc062723c751e8b465ee728b)  -> (artifact id: '691fd49e88511989d1a985886a6256f2') in 0.044138 seconds 
  Import took 0.059835 seconds .

========================================================================
Received Import Request.
  Time since last request: 0.000557 seconds.
  path: Assets/Dockyard_level/WoodenCreate/WoodenCreates.prefab
  artifactKey: Guid(1571f8aa9c5bd804f96f08c1407b2b15) Importer(815301076,1909f56bfc062723c751e8b465ee728b)
Start importing Assets/Dockyard_level/WoodenCreate/WoodenCreates.prefab using Guid(1571f8aa9c5bd804f96f08c1407b2b15) Importer(815301076,1909f56bfc062723c751e8b465ee728b)  -> (artifact id: '691fd49e88511989d1a985886a6256f2') in 0.041011 seconds 
  Import took 0.059627 seconds .

========================================================================
Received Import Request.
  Time since last request: 11.771269 seconds.
  path: Assets/Dockyard_level/WoodenCreate/WoodenCreates.prefab
  artifactKey: Guid(1571f8aa9c5bd804f96f08c1407b2b15) Importer(815301076,1909f56bfc062723c751e8b465ee728b)
Start importing Assets/Dockyard_level/WoodenCreate/WoodenCreates.prefab using Guid(1571f8aa9c5bd804f96f08c1407b2b15) Importer(815301076,1909f56bfc062723c751e8b465ee728b)  -> (artifact id: 'e2a704ea5e111371de142ef06a661e4e') in 0.034884 seconds 
  Import took 0.046638 seconds .

========================================================================
Received Import Request.
  Time since last request: 2.183783 seconds.
  path: Assets/Dockyard_level/WoodenCreate/WoodenCreates.prefab
  artifactKey: Guid(1571f8aa9c5bd804f96f08c1407b2b15) Importer(815301076,1909f56bfc062723c751e8b465ee728b)
Start importing Assets/Dockyard_level/WoodenCreate/WoodenCreates.prefab using Guid(1571f8aa9c5bd804f96f08c1407b2b15) Importer(815301076,1909f56bfc062723c751e8b465ee728b)  -> (artifact id: '22bf2406e984c83e588cbd852826938b') in 0.031418 seconds 
  Import took 0.045545 seconds .

========================================================================
Received Import Request.
  Time since last request: 585.735305 seconds.
  path: Assets/Dockyard_level/WoodenCreate/wodden_crates.fbx
  artifactKey: Guid(3b5c07834edd69c4995edafcedc68fcf) Importer(815301076,1909f56bfc062723c751e8b465ee728b)
Start importing Assets/Dockyard_level/WoodenCreate/wodden_crates.fbx using Guid(3b5c07834edd69c4995edafcedc68fcf) Importer(815301076,1909f56bfc062723c751e8b465ee728b)  -> (artifact id: '305f714b64f799f665e002ebae11bb06') in 0.431477 seconds 
  Import took 0.450702 seconds .

========================================================================
Received Import Request.
  Time since last request: 219.985269 seconds.
  path: Assets/Dockyard_level/WoodenCreate/wodden_crates.fbx
  artifactKey: Guid(3b5c07834edd69c4995edafcedc68fcf) Importer(815301076,1909f56bfc062723c751e8b465ee728b)
Start importing Assets/Dockyard_level/WoodenCreate/wodden_crates.fbx using Guid(3b5c07834edd69c4995edafcedc68fcf) Importer(815301076,1909f56bfc062723c751e8b465ee728b)  -> (artifact id: '3893b6c4988d31b9fa8fadac649c0ff6') in 0.406963 seconds 
  Import took 0.453718 seconds .

========================================================================
Received Import Request.
  Time since last request: 294.615654 seconds.
  path: Assets/Dockyard_level/WoodenCreate/WodenCrates.obj
  artifactKey: Guid(d3c8655fde79a79408d3fc0633b065a4) Importer(815301076,1909f56bfc062723c751e8b465ee728b)
Start importing Assets/Dockyard_level/WoodenCreate/WodenCrates.obj using Guid(d3c8655fde79a79408d3fc0633b065a4) Importer(815301076,1909f56bfc062723c751e8b465ee728b)  -> (artifact id: '4c6b5e9b9d64fc43c4c2502bc4b200be') in 0.152149 seconds 
  Import took 0.168459 seconds .

========================================================================
Received Import Request.
  Time since last request: 1.078700 seconds.
  path: Assets/Dockyard_level/WoodenCreate/WodenCrates.mtl
  artifactKey: Guid(b98961bd264361044847b2fe8e165101) Importer(815301076,1909f56bfc062723c751e8b465ee728b)
Start importing Assets/Dockyard_level/WoodenCreate/WodenCrates.mtl using Guid(b98961bd264361044847b2fe8e165101) Importer(815301076,1909f56bfc062723c751e8b465ee728b)  -> (artifact id: 'fa53319f9a445c6f7dd09ab9a6c29433') in 0.016651 seconds 
  Import took 0.031349 seconds .

========================================================================
Received Import Request.
  Time since last request: 448.871038 seconds.
  path: Assets/Dockyard_level/WoodenCreate/woodenCreates.fbx
  artifactKey: Guid(d55c733f56d47cd448a99409837976c5) Importer(815301076,1909f56bfc062723c751e8b465ee728b)
Start importing Assets/Dockyard_level/WoodenCreate/woodenCreates.fbx using Guid(d55c733f56d47cd448a99409837976c5) Importer(815301076,1909f56bfc062723c751e8b465ee728b)  -> (artifact id: 'c56e26683b8df554d8110c916e52dcf2') in 0.175961 seconds 
  Import took 0.188845 seconds .

========================================================================
Received Import Request.
  Time since last request: 32.497280 seconds.
  path: Assets/Dockyard_level/WoodenCreate/WoodenCreates.prefab
  artifactKey: Guid(1571f8aa9c5bd804f96f08c1407b2b15) Importer(815301076,1909f56bfc062723c751e8b465ee728b)
Start importing Assets/Dockyard_level/WoodenCreate/WoodenCreates.prefab using Guid(1571f8aa9c5bd804f96f08c1407b2b15) Importer(815301076,1909f56bfc062723c751e8b465ee728b)  -> (artifact id: '3610b3ae59e5ade5702c0fabec7849b5') in 0.041456 seconds 
  Import took 0.056030 seconds .

========================================================================
Received Import Request.
  Time since last request: 38.701009 seconds.
  path: Assets/Dockyard_level/WoodenCreate/WoodenCreates.prefab
  artifactKey: Guid(1571f8aa9c5bd804f96f08c1407b2b15) Importer(815301076,1909f56bfc062723c751e8b465ee728b)
Start importing Assets/Dockyard_level/WoodenCreate/WoodenCreates.prefab using Guid(1571f8aa9c5bd804f96f08c1407b2b15) Importer(815301076,1909f56bfc062723c751e8b465ee728b)  -> (artifact id: '002f90b51c32f0301f19b52692874a62') in 0.062661 seconds 
  Import took 0.075241 seconds .

========================================================================
Received Import Request.
  Time since last request: 25.967501 seconds.
  path: Assets/Dockyard_level/WoodenCreate/wide_crate_full_mesh (1).prefab
  artifactKey: Guid(6c9cc1c7d222a9c4f95c53eb953a5b30) Importer(815301076,1909f56bfc062723c751e8b465ee728b)
Start importing Assets/Dockyard_level/WoodenCreate/wide_crate_full_mesh (1).prefab using Guid(6c9cc1c7d222a9c4f95c53eb953a5b30) Importer(815301076,1909f56bfc062723c751e8b465ee728b)  -> (artifact id: '666434d1fd30eb17e16a085afbdd138c') in 0.076276 seconds 
  Import took 0.086757 seconds .

========================================================================
Received Import Request.
  Time since last request: 0.000465 seconds.
  path: Assets/Dockyard_level/WoodenCreate/WoodenCreates.prefab
  artifactKey: Guid(1571f8aa9c5bd804f96f08c1407b2b15) Importer(815301076,1909f56bfc062723c751e8b465ee728b)
Start importing Assets/Dockyard_level/WoodenCreate/WoodenCreates.prefab using Guid(1571f8aa9c5bd804f96f08c1407b2b15) Importer(815301076,1909f56bfc062723c751e8b465ee728b)  -> (artifact id: 'add86fc8bf559561efa9f3746f62bd71') in 0.058850 seconds 
  Import took 0.074114 seconds .

========================================================================
Received Import Request.
  Time since last request: 0.000582 seconds.
  path: Assets/Dockyard_level/WoodenCreate/wide_crate_full_mesh (1).prefab
  artifactKey: Guid(6c9cc1c7d222a9c4f95c53eb953a5b30) Importer(815301076,1909f56bfc062723c751e8b465ee728b)
Start importing Assets/Dockyard_level/WoodenCreate/wide_crate_full_mesh (1).prefab using Guid(6c9cc1c7d222a9c4f95c53eb953a5b30) Importer(815301076,1909f56bfc062723c751e8b465ee728b)  -> (artifact id: '666434d1fd30eb17e16a085afbdd138c') in 0.033603 seconds 
  Import took 0.047742 seconds .

========================================================================
Received Import Request.
  Time since last request: 0.004798 seconds.
  path: Assets/Dockyard_level/WoodenCreate/WoodenCreates.prefab
  artifactKey: Guid(1571f8aa9c5bd804f96f08c1407b2b15) Importer(815301076,1909f56bfc062723c751e8b465ee728b)
Start importing Assets/Dockyard_level/WoodenCreate/WoodenCreates.prefab using Guid(1571f8aa9c5bd804f96f08c1407b2b15) Importer(815301076,1909f56bfc062723c751e8b465ee728b)  -> (artifact id: 'add86fc8bf559561efa9f3746f62bd71') in 0.037918 seconds 
  Import took 0.053142 seconds .

========================================================================
Received Import Request.
  Time since last request: 8.383893 seconds.
  path: Assets/Dockyard_level/WoodenCreate/wide_crate_full_mesh (1) 1.prefab
  artifactKey: Guid(3e69af5823f6463498d8279ba1caf340) Importer(815301076,1909f56bfc062723c751e8b465ee728b)
Start importing Assets/Dockyard_level/WoodenCreate/wide_crate_full_mesh (1) 1.prefab using Guid(3e69af5823f6463498d8279ba1caf340) Importer(815301076,1909f56bfc062723c751e8b465ee728b)  -> (artifact id: 'eb18e9c62241467f8b9396f87bc515b3') in 0.072742 seconds 
  Import took 0.088142 seconds .

========================================================================
Received Import Request.
  Time since last request: 0.000493 seconds.
  path: Assets/Dockyard_level/WoodenCreate/WoodenCreates.prefab
  artifactKey: Guid(1571f8aa9c5bd804f96f08c1407b2b15) Importer(815301076,1909f56bfc062723c751e8b465ee728b)
Start importing Assets/Dockyard_level/WoodenCreate/WoodenCreates.prefab using Guid(1571f8aa9c5bd804f96f08c1407b2b15) Importer(815301076,1909f56bfc062723c751e8b465ee728b)  -> (artifact id: '5397ebbe777f5167ce31e0362ec33485') in 0.037280 seconds 
  Import took 0.068345 seconds .

========================================================================
Received Import Request.
  Time since last request: 0.000648 seconds.
  path: Assets/Dockyard_level/WoodenCreate/wide_crate_full_mesh (1) 1.prefab
  artifactKey: Guid(3e69af5823f6463498d8279ba1caf340) Importer(815301076,1909f56bfc062723c751e8b465ee728b)
Start importing Assets/Dockyard_level/WoodenCreate/wide_crate_full_mesh (1) 1.prefab using Guid(3e69af5823f6463498d8279ba1caf340) Importer(815301076,1909f56bfc062723c751e8b465ee728b)  -> (artifact id: 'eb18e9c62241467f8b9396f87bc515b3') in 0.037790 seconds 
  Import took 0.049108 seconds .

========================================================================
Received Import Request.
  Time since last request: 0.005402 seconds.
  path: Assets/Dockyard_level/WoodenCreate/WoodenCreates.prefab
  artifactKey: Guid(1571f8aa9c5bd804f96f08c1407b2b15) Importer(815301076,1909f56bfc062723c751e8b465ee728b)
Start importing Assets/Dockyard_level/WoodenCreate/WoodenCreates.prefab using Guid(1571f8aa9c5bd804f96f08c1407b2b15) Importer(815301076,1909f56bfc062723c751e8b465ee728b)  -> (artifact id: '5397ebbe777f5167ce31e0362ec33485') in 0.073798 seconds 
  Import took 0.092671 seconds .

========================================================================
Received Import Request.
  Time since last request: 436.429589 seconds.
  path: Assets/Dockyard_level/WoodenCreate/InclinedCreate.fbx
  artifactKey: Guid(b2bd3a33cf8ad92419653dfbab23238d) Importer(815301076,1909f56bfc062723c751e8b465ee728b)
Start importing Assets/Dockyard_level/WoodenCreate/InclinedCreate.fbx using Guid(b2bd3a33cf8ad92419653dfbab23238d) Importer(815301076,1909f56bfc062723c751e8b465ee728b)  -> (artifact id: 'a83fb4637e0e8adbfc506a4a0c869174') in 0.240231 seconds 
  Import took 0.261904 seconds .

========================================================================
Received Import Request.
  Time since last request: 152.138744 seconds.
  path: Assets/Dockyard_level/WoodenCreate/InclinedCreate.fbx
  artifactKey: Guid(b2bd3a33cf8ad92419653dfbab23238d) Importer(815301076,1909f56bfc062723c751e8b465ee728b)
Start importing Assets/Dockyard_level/WoodenCreate/InclinedCreate.fbx using Guid(b2bd3a33cf8ad92419653dfbab23238d) Importer(815301076,1909f56bfc062723c751e8b465ee728b)  -> (artifact id: '423063a6bbb0f41bd1a0c1123ce1918e') in 0.158977 seconds 
  Import took 0.175023 seconds .

========================================================================
Received Import Request.
  Time since last request: 121.978452 seconds.
  path: Assets/Dockyard_level/WoodenCreate/InclinedCreate.prefab
  artifactKey: Guid(65aa635acf4f28244bcd45f8f45e7b33) Importer(815301076,1909f56bfc062723c751e8b465ee728b)
Start importing Assets/Dockyard_level/WoodenCreate/InclinedCreate.prefab using Guid(65aa635acf4f28244bcd45f8f45e7b33) Importer(815301076,1909f56bfc062723c751e8b465ee728b)  -> (artifact id: '90d8b8c24dfa0d6d492f99c1477a3fbd') in 0.067017 seconds 
  Import took 0.084881 seconds .

========================================================================
Received Import Request.
  Time since last request: 0.000968 seconds.
  path: Assets/Dockyard_level/WoodenCreate/InclinedCreate.prefab
  artifactKey: Guid(65aa635acf4f28244bcd45f8f45e7b33) Importer(815301076,1909f56bfc062723c751e8b465ee728b)
Start importing Assets/Dockyard_level/WoodenCreate/InclinedCreate.prefab using Guid(65aa635acf4f28244bcd45f8f45e7b33) Importer(815301076,1909f56bfc062723c751e8b465ee728b)  -> (artifact id: '90d8b8c24dfa0d6d492f99c1477a3fbd') in 0.049567 seconds 
  Import took 0.085223 seconds .

========================================================================
Received Import Request.
  Time since last request: 137.177712 seconds.
  path: Assets/Dockyard_level/WoodenCreate/InclinedCreate 1.prefab
  artifactKey: Guid(2063a18775ec57442ab56e056cf35e80) Importer(815301076,1909f56bfc062723c751e8b465ee728b)
Start importing Assets/Dockyard_level/WoodenCreate/InclinedCreate 1.prefab using Guid(2063a18775ec57442ab56e056cf35e80) Importer(815301076,1909f56bfc062723c751e8b465ee728b)  -> (artifact id: '980b3d095c3a9395d096c1e046040840') in 0.031293 seconds 
  Import took 0.050300 seconds .

========================================================================
Received Import Request.
  Time since last request: 0.010916 seconds.
  path: Assets/Dockyard_level/WoodenCreate/InclinedCreate 1.prefab
  artifactKey: Guid(2063a18775ec57442ab56e056cf35e80) Importer(815301076,1909f56bfc062723c751e8b465ee728b)
Start importing Assets/Dockyard_level/WoodenCreate/InclinedCreate 1.prefab using Guid(2063a18775ec57442ab56e056cf35e80) Importer(815301076,1909f56bfc062723c751e8b465ee728b)  -> (artifact id: '980b3d095c3a9395d096c1e046040840') in 0.013879 seconds 
  Import took 0.027453 seconds .

========================================================================
Received Import Request.
  Time since last request: 44.926734 seconds.
  path: Assets/Dockyard_level/WoodenCreate/InclinedCreate.fbx
  artifactKey: Guid(b2bd3a33cf8ad92419653dfbab23238d) Importer(815301076,1909f56bfc062723c751e8b465ee728b)
Start importing Assets/Dockyard_level/WoodenCreate/InclinedCreate.fbx using Guid(b2bd3a33cf8ad92419653dfbab23238d) Importer(815301076,1909f56bfc062723c751e8b465ee728b)  -> (artifact id: '79be64cb3e5ec556fbfd4764b614a318') in 0.205958 seconds 
  Import took 0.225826 seconds .

========================================================================
Received Import Request.
  Time since last request: 43.904142 seconds.
  path: Assets/Dockyard_level/WoodenCreate/InclinedCreate.prefab
  artifactKey: Guid(65aa635acf4f28244bcd45f8f45e7b33) Importer(815301076,1909f56bfc062723c751e8b465ee728b)
Start importing Assets/Dockyard_level/WoodenCreate/InclinedCreate.prefab using Guid(65aa635acf4f28244bcd45f8f45e7b33) Importer(815301076,1909f56bfc062723c751e8b465ee728b)  -> (artifact id: 'd1843eeed7b2251e7fc623a232af85f2') in 0.050404 seconds 
  Import took 0.078415 seconds .

========================================================================
Received Import Request.
  Time since last request: 0.020224 seconds.
  path: Assets/Dockyard_level/WoodenCreate/InclinedCreate.prefab
  artifactKey: Guid(65aa635acf4f28244bcd45f8f45e7b33) Importer(815301076,1909f56bfc062723c751e8b465ee728b)
Start importing Assets/Dockyard_level/WoodenCreate/InclinedCreate.prefab using Guid(65aa635acf4f28244bcd45f8f45e7b33) Importer(815301076,1909f56bfc062723c751e8b465ee728b)  -> (artifact id: 'd1843eeed7b2251e7fc623a232af85f2') in 0.036675 seconds 
  Import took 0.050979 seconds .

========================================================================
Received Import Request.
  Time since last request: 50.169044 seconds.
  path: Assets/Dockyard_level/Propanetank/Propane Tank Variant.prefab
  artifactKey: Guid(5bed0b6d5ec66d947bf603c5226ad76b) Importer(815301076,1909f56bfc062723c751e8b465ee728b)
Start importing Assets/Dockyard_level/Propanetank/Propane Tank Variant.prefab using Guid(5bed0b6d5ec66d947bf603c5226ad76b) Importer(815301076,1909f56bfc062723c751e8b465ee728b)  -> (artifact id: 'afd958974a336a93e3a3b989b41b965e') in 0.029512 seconds 
  Import took 0.048122 seconds .

========================================================================
Received Import Request.
  Time since last request: 0.009949 seconds.
  path: Assets/Dockyard_level/Propanetank/Propane Tank Variant.prefab
  artifactKey: Guid(5bed0b6d5ec66d947bf603c5226ad76b) Importer(815301076,1909f56bfc062723c751e8b465ee728b)
Start importing Assets/Dockyard_level/Propanetank/Propane Tank Variant.prefab using Guid(5bed0b6d5ec66d947bf603c5226ad76b) Importer(815301076,1909f56bfc062723c751e8b465ee728b)  -> (artifact id: 'afd958974a336a93e3a3b989b41b965e') in 0.027632 seconds 
  Import took 0.040674 seconds .

========================================================================
Received Import Request.
  Time since last request: 391.258228 seconds.
  path: Assets/Dockyard_level/Propanetank/propanetankstack.fbx
  artifactKey: Guid(4d3325dc3796d58408337a72fc9fb1a3) Importer(815301076,1909f56bfc062723c751e8b465ee728b)
Start importing Assets/Dockyard_level/Propanetank/propanetankstack.fbx using Guid(4d3325dc3796d58408337a72fc9fb1a3) Importer(815301076,1909f56bfc062723c751e8b465ee728b)  -> (artifact id: 'fd032b01a64d4af6e0b8825c0bc0c824') in 0.278889 seconds 
  Import took 0.294438 seconds .

========================================================================
Received Import Request.
  Time since last request: 0.006354 seconds.
  path: Assets/Dockyard_level/Propanetank/propanetankstack.fbx
  artifactKey: Guid(4d3325dc3796d58408337a72fc9fb1a3) Importer(815301076,1909f56bfc062723c751e8b465ee728b)
Start importing Assets/Dockyard_level/Propanetank/propanetankstack.fbx using Guid(4d3325dc3796d58408337a72fc9fb1a3) Importer(815301076,1909f56bfc062723c751e8b465ee728b)  -> (artifact id: 'fd032b01a64d4af6e0b8825c0bc0c824') in 0.162155 seconds 
  Import took 0.177451 seconds .

========================================================================
Received Import Request.
  Time since last request: 69.394010 seconds.
  path: Assets/Dockyard_level/Propanetank/propanetankstack.prefab
  artifactKey: Guid(e926ccd7df14a8b4c8efafbb2cd5056e) Importer(815301076,1909f56bfc062723c751e8b465ee728b)
Start importing Assets/Dockyard_level/Propanetank/propanetankstack.prefab using Guid(e926ccd7df14a8b4c8efafbb2cd5056e) Importer(815301076,1909f56bfc062723c751e8b465ee728b)  -> (artifact id: '4a8da942f485b6947deaf7a1a64d7bd1') in 0.059363 seconds 
  Import took 0.072679 seconds .

========================================================================
Received Import Request.
  Time since last request: 0.009206 seconds.
  path: Assets/Dockyard_level/Propanetank/propanetankstack.prefab
  artifactKey: Guid(e926ccd7df14a8b4c8efafbb2cd5056e) Importer(815301076,1909f56bfc062723c751e8b465ee728b)
Start importing Assets/Dockyard_level/Propanetank/propanetankstack.prefab using Guid(e926ccd7df14a8b4c8efafbb2cd5056e) Importer(815301076,1909f56bfc062723c751e8b465ee728b)  -> (artifact id: '4a8da942f485b6947deaf7a1a64d7bd1') in 0.040028 seconds 
  Import took 0.052431 seconds .

========================================================================
Received Prepare
Registering precompiled user dll's ...
Registered in 0.388419 seconds.
Begin MonoManager ReloadAssembly
Native extension for WindowsStandalone target not found
Refreshing native plugins compatible for Editor in 3.09 ms, found 2 plugins.
Preloading 0 native plugins for Editor in 0.00 ms.
Mono: successfully reloaded assembly
- Completed reload, in  9.630 seconds
Domain Reload Profiling:
	ReloadAssembly (9633ms)
		BeginReloadAssembly (1369ms)
			ExecutionOrderSort (0ms)
			DisableScriptedObjects (106ms)
			BackupInstance (0ms)
			ReleaseScriptingObjects (0ms)
			CreateAndSetChildDomain (584ms)
		EndReloadAssembly (7841ms)
			LoadAssemblies (812ms)
			RebuildTransferFunctionScriptingTraits (0ms)
			SetupTypeCache (2573ms)
			ReleaseScriptCaches (3ms)
			RebuildScriptCaches (336ms)
			SetupLoadedEditorAssemblies (2267ms)
				LogAssemblyErrors (0ms)
				InitializePlatformSupportModulesInManaged (16ms)
				SetLoadedEditorAssemblies (10ms)
				RefreshPlugins (3ms)
				BeforeProcessingInitializeOnLoad (337ms)
				ProcessInitializeOnLoadAttributes (1843ms)
				ProcessInitializeOnLoadMethodAttributes (23ms)
				AfterProcessingInitializeOnLoad (35ms)
				EditorAssembliesLoaded (1ms)
			ExecutionOrderSort2 (0ms)
			AwakeInstancesAfterBackupRestoration (143ms)
Platform modules already initialized, skipping
Shader 'Universal Render Pipeline/Particles/Lit': fallback shader 'Universal Render Pipeline/Particles/SimpleLit' not found
Shader 'Universal Render Pipeline/Particles/Lit': fallback shader 'Universal Render Pipeline/Particles/SimpleLit' not found
Refreshing native plugins compatible for Editor in 1.55 ms, found 2 plugins.
Preloading 0 native plugins for Editor in 0.00 ms.
Unloading 2621 Unused Serialized files (Serialized files now loaded: 0)
System memory in use before: 127.0 MB.
System memory in use after: 124.2 MB.

Unloading 47 unused Assets to reduce memory usage. Loaded Objects now: 3203.
Total: 20.480000 ms (FindLiveObjects: 0.848800 ms CreateObjectMapping: 0.441200 ms MarkObjects: 15.937400 ms  DeleteObjects: 3.245500 ms)

AssetImportParameters requested are different than current active one (requested -> active):
  custom:framework-win-MediaFoundation: 216162199b28c13a410421893ffa2e32 -> 
  custom:video-decoder-ogg-theora: a1e56fd34408186e4bbccfd4996cb3dc -> 
  custom:container-muxer-webm: aa71ff27fc2769a1b78a27578f13a17b -> 
  custom:container-demuxer-webm: 4f35f7cbe854078d1ac9338744f61a02 -> 
  custom:container-demuxer-ogg: 62fdf1f143b41e24485cea50d1cbac27 -> 
  custom:video-encoder-webm-vp8: eb34c28f22e8b96e1ab97ce403110664 -> 
  custom:video-decoder-webm-vp8: 9c59270c3fd7afecdb556c50c9e8de78 -> 
  custom:audio-decoder-ogg-vorbis: bf7c407c2cedff20999df2af8eb42d56 -> 
  custom:audio-encoder-webm-vorbis: bf7c407c2cedff20999df2af8eb42d56 -> 
========================================================================
Received Prepare
Registering precompiled user dll's ...
Registered in 0.044792 seconds.
Begin MonoManager ReloadAssembly
Native extension for WindowsStandalone target not found
Refreshing native plugins compatible for Editor in 0.90 ms, found 2 plugins.
Preloading 0 native plugins for Editor in 0.00 ms.
Mono: successfully reloaded assembly
- Completed reload, in  4.523 seconds
Domain Reload Profiling:
	ReloadAssembly (4525ms)
		BeginReloadAssembly (650ms)
			ExecutionOrderSort (0ms)
			DisableScriptedObjects (20ms)
			BackupInstance (0ms)
			ReleaseScriptingObjects (0ms)
			CreateAndSetChildDomain (210ms)
		EndReloadAssembly (3521ms)
			LoadAssemblies (660ms)
			RebuildTransferFunctionScriptingTraits (0ms)
			SetupTypeCache (1119ms)
			ReleaseScriptCaches (4ms)
			RebuildScriptCaches (155ms)
			SetupLoadedEditorAssemblies (1082ms)
				LogAssemblyErrors (0ms)
				InitializePlatformSupportModulesInManaged (11ms)
				SetLoadedEditorAssemblies (1ms)
				RefreshPlugins (1ms)
				BeforeProcessingInitializeOnLoad (181ms)
				ProcessInitializeOnLoadAttributes (854ms)
				ProcessInitializeOnLoadMethodAttributes (22ms)
				AfterProcessingInitializeOnLoad (11ms)
				EditorAssembliesLoaded (1ms)
			ExecutionOrderSort2 (0ms)
			AwakeInstancesAfterBackupRestoration (56ms)
Platform modules already initialized, skipping
Shader 'Universal Render Pipeline/Particles/Lit': fallback shader 'Universal Render Pipeline/Particles/SimpleLit' not found
Shader 'Universal Render Pipeline/Particles/Lit': fallback shader 'Universal Render Pipeline/Particles/SimpleLit' not found
Refreshing native plugins compatible for Editor in 1.36 ms, found 2 plugins.
Preloading 0 native plugins for Editor in 0.00 ms.
Unloading 2621 Unused Serialized files (Serialized files now loaded: 0)
System memory in use before: 127.0 MB.
System memory in use after: 124.2 MB.

Unloading 47 unused Assets to reduce memory usage. Loaded Objects now: 3206.
Total: 45.855900 ms (FindLiveObjects: 8.819300 ms CreateObjectMapping: 0.630600 ms MarkObjects: 24.081100 ms  DeleteObjects: 12.321700 ms)

AssetImportParameters requested are different than current active one (requested -> active):
  custom:framework-win-MediaFoundation: 216162199b28c13a410421893ffa2e32 -> 
  custom:video-decoder-ogg-theora: a1e56fd34408186e4bbccfd4996cb3dc -> 
  custom:container-muxer-webm: aa71ff27fc2769a1b78a27578f13a17b -> 
  custom:container-demuxer-webm: 4f35f7cbe854078d1ac9338744f61a02 -> 
  custom:container-demuxer-ogg: 62fdf1f143b41e24485cea50d1cbac27 -> 
  custom:video-encoder-webm-vp8: eb34c28f22e8b96e1ab97ce403110664 -> 
  custom:video-decoder-webm-vp8: 9c59270c3fd7afecdb556c50c9e8de78 -> 
  custom:audio-decoder-ogg-vorbis: bf7c407c2cedff20999df2af8eb42d56 -> 
  custom:audio-encoder-webm-vorbis: bf7c407c2cedff20999df2af8eb42d56 -> 
========================================================================
Received Import Request.
  Time since last request: 380.326041 seconds.
  path: Assets/Dockyard_level/Propanetank/propanetankstack.prefab
  artifactKey: Guid(e926ccd7df14a8b4c8efafbb2cd5056e) Importer(815301076,1909f56bfc062723c751e8b465ee728b)
Start importing Assets/Dockyard_level/Propanetank/propanetankstack.prefab using Guid(e926ccd7df14a8b4c8efafbb2cd5056e) Importer(815301076,1909f56bfc062723c751e8b465ee728b)  -> (artifact id: 'c669da0a769cb4d3195cc6ed269b2a0e') in 0.562823 seconds 
  Import took 0.583877 seconds .

========================================================================
Received Import Request.
  Time since last request: 7.120842 seconds.
  path: Assets/Dockyard_level/Propanetank/propanetankstack 1.prefab
  artifactKey: Guid(16b99001eb3d6b44e8cd224701e4eef3) Importer(815301076,1909f56bfc062723c751e8b465ee728b)
Start importing Assets/Dockyard_level/Propanetank/propanetankstack 1.prefab using Guid(16b99001eb3d6b44e8cd224701e4eef3) Importer(815301076,1909f56bfc062723c751e8b465ee728b)  -> (artifact id: 'e7ee604dbe77af5749571b4fa55588ca') in 0.096704 seconds 
  Import took 0.117108 seconds .

========================================================================
Received Import Request.
  Time since last request: 0.007366 seconds.
  path: Assets/Dockyard_level/Propanetank/propanetankstack 1.prefab
  artifactKey: Guid(16b99001eb3d6b44e8cd224701e4eef3) Importer(815301076,1909f56bfc062723c751e8b465ee728b)
Start importing Assets/Dockyard_level/Propanetank/propanetankstack 1.prefab using Guid(16b99001eb3d6b44e8cd224701e4eef3) Importer(815301076,1909f56bfc062723c751e8b465ee728b)  -> (artifact id: 'e7ee604dbe77af5749571b4fa55588ca') in 0.038655 seconds 
  Import took 0.097182 seconds .

========================================================================
Received Import Request.
  Time since last request: 99.470070 seconds.
  path: Assets/Dockyard_level/Propanetank/propanetankstack.fbx
  artifactKey: Guid(4d3325dc3796d58408337a72fc9fb1a3) Importer(815301076,1909f56bfc062723c751e8b465ee728b)
Start importing Assets/Dockyard_level/Propanetank/propanetankstack.fbx using Guid(4d3325dc3796d58408337a72fc9fb1a3) Importer(815301076,1909f56bfc062723c751e8b465ee728b)  -> (artifact id: '16c256d152d3d0170a2d1a962b9ef8df') in 0.220644 seconds 
  Import took 0.234845 seconds .

========================================================================
Received Import Request.
  Time since last request: 44.382102 seconds.
  path: Assets/ExampleAssets/Models/safetyhat_low.fbx
  artifactKey: Guid(9d0d902f71acfe646a46cb625f815a49) Importer(815301076,1909f56bfc062723c751e8b465ee728b)
Start importing Assets/ExampleAssets/Models/safetyhat_low.fbx using Guid(9d0d902f71acfe646a46cb625f815a49) Importer(815301076,1909f56bfc062723c751e8b465ee728b)  -> (artifact id: '5935c6193b6a59e066fce2003b46692c') in 0.168725 seconds 
  Import took 0.186781 seconds .

========================================================================
Received Import Request.
  Time since last request: 0.053496 seconds.
  path: Assets/ExampleAssets/Models/safetyhat_low.fbx
  artifactKey: Guid(9d0d902f71acfe646a46cb625f815a49) Importer(815301076,1909f56bfc062723c751e8b465ee728b)
Start importing Assets/ExampleAssets/Models/safetyhat_low.fbx using Guid(9d0d902f71acfe646a46cb625f815a49) Importer(815301076,1909f56bfc062723c751e8b465ee728b)  -> (artifact id: '5935c6193b6a59e066fce2003b46692c') in 0.069197 seconds 
  Import took 0.078977 seconds .

========================================================================
Received Import Request.
  Time since last request: 10.160362 seconds.
  path: Assets/ExampleAssets/Models/brush_low.fbx
  artifactKey: Guid(aed8c47425ab91f4eb06ce6fe47c3e4e) Importer(815301076,1909f56bfc062723c751e8b465ee728b)
Start importing Assets/ExampleAssets/Models/brush_low.fbx using Guid(aed8c47425ab91f4eb06ce6fe47c3e4e) Importer(815301076,1909f56bfc062723c751e8b465ee728b)  -> (artifact id: '3e9112836ff5ae65005d884998ee7751') in 0.112787 seconds 
  Import took 0.126338 seconds .

========================================================================
Received Import Request.
  Time since last request: 185.457825 seconds.
  path: Assets/Dockyard_level/Propanetank/propanetankstack.prefab
  artifactKey: Guid(e926ccd7df14a8b4c8efafbb2cd5056e) Importer(815301076,1909f56bfc062723c751e8b465ee728b)
Start importing Assets/Dockyard_level/Propanetank/propanetankstack.prefab using Guid(e926ccd7df14a8b4c8efafbb2cd5056e) Importer(815301076,1909f56bfc062723c751e8b465ee728b)  -> (artifact id: '9809f11972e1e174979872511c651397') in 0.063892 seconds 
  Import took 0.081990 seconds .

========================================================================
Received Import Request.
  Time since last request: 0.008664 seconds.
  path: Assets/Dockyard_level/Propanetank/propanetankstack.prefab
  artifactKey: Guid(e926ccd7df14a8b4c8efafbb2cd5056e) Importer(815301076,1909f56bfc062723c751e8b465ee728b)
Start importing Assets/Dockyard_level/Propanetank/propanetankstack.prefab using Guid(e926ccd7df14a8b4c8efafbb2cd5056e) Importer(815301076,1909f56bfc062723c751e8b465ee728b)  -> (artifact id: '9809f11972e1e174979872511c651397') in 0.048355 seconds 
  Import took 0.078372 seconds .

========================================================================
Received Prepare
Registering precompiled user dll's ...
Registered in 0.010066 seconds.
Begin MonoManager ReloadAssembly
Native extension for WindowsStandalone target not found
Refreshing native plugins compatible for Editor in 0.99 ms, found 2 plugins.
Preloading 0 native plugins for Editor in 0.00 ms.
Mono: successfully reloaded assembly
- Completed reload, in  2.632 seconds
Domain Reload Profiling:
	ReloadAssembly (2633ms)
		BeginReloadAssembly (232ms)
			ExecutionOrderSort (0ms)
			DisableScriptedObjects (14ms)
			BackupInstance (0ms)
			ReleaseScriptingObjects (0ms)
			CreateAndSetChildDomain (77ms)
		EndReloadAssembly (2262ms)
			LoadAssemblies (212ms)
			RebuildTransferFunctionScriptingTraits (0ms)
			SetupTypeCache (788ms)
			ReleaseScriptCaches (2ms)
			RebuildScriptCaches (119ms)
			SetupLoadedEditorAssemblies (784ms)
				LogAssemblyErrors (0ms)
				InitializePlatformSupportModulesInManaged (9ms)
				SetLoadedEditorAssemblies (1ms)
				RefreshPlugins (1ms)
				BeforeProcessingInitializeOnLoad (155ms)
				ProcessInitializeOnLoadAttributes (602ms)
				ProcessInitializeOnLoadMethodAttributes (11ms)
				AfterProcessingInitializeOnLoad (5ms)
				EditorAssembliesLoaded (1ms)
			ExecutionOrderSort2 (0ms)
			AwakeInstancesAfterBackupRestoration (38ms)
Platform modules already initialized, skipping
Shader 'Universal Render Pipeline/Particles/Lit': fallback shader 'Universal Render Pipeline/Particles/SimpleLit' not found
Shader 'Universal Render Pipeline/Particles/Lit': fallback shader 'Universal Render Pipeline/Particles/SimpleLit' not found
Refreshing native plugins compatible for Editor in 0.92 ms, found 2 plugins.
Preloading 0 native plugins for Editor in 0.00 ms.
Unloading 2621 Unused Serialized files (Serialized files now loaded: 0)
System memory in use before: 127.1 MB.
System memory in use after: 124.4 MB.

Unloading 47 unused Assets to reduce memory usage. Loaded Objects now: 3245.
Total: 8.571400 ms (FindLiveObjects: 0.703400 ms CreateObjectMapping: 0.479500 ms MarkObjects: 4.307000 ms  DeleteObjects: 3.078800 ms)

AssetImportParameters requested are different than current active one (requested -> active):
  custom:framework-win-MediaFoundation: 216162199b28c13a410421893ffa2e32 -> 
  custom:video-decoder-ogg-theora: a1e56fd34408186e4bbccfd4996cb3dc -> 
  custom:container-muxer-webm: aa71ff27fc2769a1b78a27578f13a17b -> 
  custom:container-demuxer-webm: 4f35f7cbe854078d1ac9338744f61a02 -> 
  custom:container-demuxer-ogg: 62fdf1f143b41e24485cea50d1cbac27 -> 
  custom:video-encoder-webm-vp8: eb34c28f22e8b96e1ab97ce403110664 -> 
  custom:video-decoder-webm-vp8: 9c59270c3fd7afecdb556c50c9e8de78 -> 
  custom:audio-decoder-ogg-vorbis: bf7c407c2cedff20999df2af8eb42d56 -> 
  custom:audio-encoder-webm-vorbis: bf7c407c2cedff20999df2af8eb42d56 -> 
========================================================================
Received Import Request.
  Time since last request: 100.473739 seconds.
  path: Assets/Dockyard_level/Propanetank/propanetankstack 1.prefab
  artifactKey: Guid(16b99001eb3d6b44e8cd224701e4eef3) Importer(815301076,1909f56bfc062723c751e8b465ee728b)
Start importing Assets/Dockyard_level/Propanetank/propanetankstack 1.prefab using Guid(16b99001eb3d6b44e8cd224701e4eef3) Importer(815301076,1909f56bfc062723c751e8b465ee728b)  -> (artifact id: 'f7e82f22541b4c4c746b733b940656a8') in 0.447149 seconds 
  Import took 0.459306 seconds .

========================================================================
Received Prepare
Registering precompiled user dll's ...
Registered in 0.015017 seconds.
Begin MonoManager ReloadAssembly
Native extension for WindowsStandalone target not found
Refreshing native plugins compatible for Editor in 0.93 ms, found 2 plugins.
Preloading 0 native plugins for Editor in 0.00 ms.
Mono: successfully reloaded assembly
- Completed reload, in  4.593 seconds
Domain Reload Profiling:
	ReloadAssembly (4594ms)
		BeginReloadAssembly (291ms)
			ExecutionOrderSort (0ms)
			DisableScriptedObjects (16ms)
			BackupInstance (0ms)
			ReleaseScriptingObjects (0ms)
			CreateAndSetChildDomain (133ms)
		EndReloadAssembly (4104ms)
			LoadAssemblies (198ms)
			RebuildTransferFunctionScriptingTraits (0ms)
			SetupTypeCache (2196ms)
			ReleaseScriptCaches (3ms)
			RebuildScriptCaches (207ms)
			SetupLoadedEditorAssemblies (991ms)
				LogAssemblyErrors (0ms)
				InitializePlatformSupportModulesInManaged (9ms)
				SetLoadedEditorAssemblies (1ms)
				RefreshPlugins (1ms)
				BeforeProcessingInitializeOnLoad (129ms)
				ProcessInitializeOnLoadAttributes (832ms)
				ProcessInitializeOnLoadMethodAttributes (13ms)
				AfterProcessingInitializeOnLoad (6ms)
				EditorAssembliesLoaded (1ms)
			ExecutionOrderSort2 (0ms)
			AwakeInstancesAfterBackupRestoration (51ms)
Platform modules already initialized, skipping
Shader 'Universal Render Pipeline/Particles/Lit': fallback shader 'Universal Render Pipeline/Particles/SimpleLit' not found
Shader 'Universal Render Pipeline/Particles/Lit': fallback shader 'Universal Render Pipeline/Particles/SimpleLit' not found
Refreshing native plugins compatible for Editor in 2.10 ms, found 2 plugins.
Preloading 0 native plugins for Editor in 0.00 ms.
Unloading 2621 Unused Serialized files (Serialized files now loaded: 0)
System memory in use before: 127.3 MB.
System memory in use after: 124.5 MB.

Unloading 47 unused Assets to reduce memory usage. Loaded Objects now: 3284.
Total: 12.079900 ms (FindLiveObjects: 0.426900 ms CreateObjectMapping: 0.272000 ms MarkObjects: 8.285000 ms  DeleteObjects: 3.093100 ms)

AssetImportParameters requested are different than current active one (requested -> active):
  custom:framework-win-MediaFoundation: 216162199b28c13a410421893ffa2e32 -> 
  custom:video-decoder-ogg-theora: a1e56fd34408186e4bbccfd4996cb3dc -> 
  custom:container-muxer-webm: aa71ff27fc2769a1b78a27578f13a17b -> 
  custom:container-demuxer-webm: 4f35f7cbe854078d1ac9338744f61a02 -> 
  custom:container-demuxer-ogg: 62fdf1f143b41e24485cea50d1cbac27 -> 
  custom:video-encoder-webm-vp8: eb34c28f22e8b96e1ab97ce403110664 -> 
  custom:video-decoder-webm-vp8: 9c59270c3fd7afecdb556c50c9e8de78 -> 
  custom:audio-decoder-ogg-vorbis: bf7c407c2cedff20999df2af8eb42d56 -> 
  custom:audio-encoder-webm-vorbis: bf7c407c2cedff20999df2af8eb42d56 -> 
========================================================================
Received Import Request.
  Time since last request: 182.071887 seconds.
  path: Assets/Dockyard_level/Propanetank/propanetankstack.fbx
  artifactKey: Guid(4d3325dc3796d58408337a72fc9fb1a3) Importer(815301076,1909f56bfc062723c751e8b465ee728b)
Start importing Assets/Dockyard_level/Propanetank/propanetankstack.fbx using Guid(4d3325dc3796d58408337a72fc9fb1a3) Importer(815301076,1909f56bfc062723c751e8b465ee728b)  -> (artifact id: 'b32e04ebd1cbf15b9fd76b0a303027fd') in 0.707989 seconds 
  Import took 0.721459 seconds .

========================================================================
Received Import Request.
  Time since last request: 37.136600 seconds.
  path: Assets/Dockyard_level/Propanetank/propanetankstack Variant.prefab
  artifactKey: Guid(534a71cbd5ed4da49999ced01364e92b) Importer(815301076,1909f56bfc062723c751e8b465ee728b)
Start importing Assets/Dockyard_level/Propanetank/propanetankstack Variant.prefab using Guid(534a71cbd5ed4da49999ced01364e92b) Importer(815301076,1909f56bfc062723c751e8b465ee728b)  -> (artifact id: '36e7992c67384ff4e122387a3a249e83') in 0.125512 seconds 
  Import took 0.139251 seconds .

========================================================================
Received Import Request.
  Time since last request: 0.007450 seconds.
  path: Assets/Dockyard_level/Propanetank/propanetankstack Variant.prefab
  artifactKey: Guid(534a71cbd5ed4da49999ced01364e92b) Importer(815301076,1909f56bfc062723c751e8b465ee728b)
Start importing Assets/Dockyard_level/Propanetank/propanetankstack Variant.prefab using Guid(534a71cbd5ed4da49999ced01364e92b) Importer(815301076,1909f56bfc062723c751e8b465ee728b)  -> (artifact id: '36e7992c67384ff4e122387a3a249e83') in 0.038923 seconds 
  Import took 0.057931 seconds .

========================================================================
Received Prepare
Registering precompiled user dll's ...
Registered in 0.048412 seconds.
Begin MonoManager ReloadAssembly
Native extension for WindowsStandalone target not found
Refreshing native plugins compatible for Editor in 1.17 ms, found 2 plugins.
Preloading 0 native plugins for Editor in 0.00 ms.
Mono: successfully reloaded assembly
- Completed reload, in  6.108 seconds
Domain Reload Profiling:
	ReloadAssembly (6110ms)
		BeginReloadAssembly (506ms)
			ExecutionOrderSort (0ms)
			DisableScriptedObjects (55ms)
			BackupInstance (0ms)
			ReleaseScriptingObjects (0ms)
			CreateAndSetChildDomain (147ms)
		EndReloadAssembly (5283ms)
			LoadAssemblies (485ms)
			RebuildTransferFunctionScriptingTraits (0ms)
			SetupTypeCache (1970ms)
			ReleaseScriptCaches (6ms)
			RebuildScriptCaches (240ms)
			SetupLoadedEditorAssemblies (1748ms)
				LogAssemblyErrors (0ms)
				InitializePlatformSupportModulesInManaged (18ms)
				SetLoadedEditorAssemblies (1ms)
				RefreshPlugins (2ms)
				BeforeProcessingInitializeOnLoad (313ms)
				ProcessInitializeOnLoadAttributes (1375ms)
				ProcessInitializeOnLoadMethodAttributes (28ms)
				AfterProcessingInitializeOnLoad (10ms)
				EditorAssembliesLoaded (1ms)
			ExecutionOrderSort2 (0ms)
			AwakeInstancesAfterBackupRestoration (108ms)
Platform modules already initialized, skipping
Shader 'Universal Render Pipeline/Particles/Lit': fallback shader 'Universal Render Pipeline/Particles/SimpleLit' not found
Shader 'Universal Render Pipeline/Particles/Lit': fallback shader 'Universal Render Pipeline/Particles/SimpleLit' not found
Refreshing native plugins compatible for Editor in 2.51 ms, found 2 plugins.
Preloading 0 native plugins for Editor in 0.00 ms.
Unloading 2621 Unused Serialized files (Serialized files now loaded: 0)
System memory in use before: 127.5 MB.
System memory in use after: 124.8 MB.

Unloading 47 unused Assets to reduce memory usage. Loaded Objects now: 3323.
Total: 14.187500 ms (FindLiveObjects: 0.908900 ms CreateObjectMapping: 1.017200 ms MarkObjects: 7.613600 ms  DeleteObjects: 4.644800 ms)

AssetImportParameters requested are different than current active one (requested -> active):
  custom:framework-win-MediaFoundation: 216162199b28c13a410421893ffa2e32 -> 
  custom:video-decoder-ogg-theora: a1e56fd34408186e4bbccfd4996cb3dc -> 
  custom:container-muxer-webm: aa71ff27fc2769a1b78a27578f13a17b -> 
  custom:container-demuxer-webm: 4f35f7cbe854078d1ac9338744f61a02 -> 
  custom:container-demuxer-ogg: 62fdf1f143b41e24485cea50d1cbac27 -> 
  custom:video-encoder-webm-vp8: eb34c28f22e8b96e1ab97ce403110664 -> 
  custom:video-decoder-webm-vp8: 9c59270c3fd7afecdb556c50c9e8de78 -> 
  custom:audio-decoder-ogg-vorbis: bf7c407c2cedff20999df2af8eb42d56 -> 
  custom:audio-encoder-webm-vorbis: bf7c407c2cedff20999df2af8eb42d56 -> 
========================================================================
Received Import Request.
  Time since last request: 136.002726 seconds.
  path: Assets/Dockyard_level/Propanetank/propanetankstack Variant.prefab
  artifactKey: Guid(534a71cbd5ed4da49999ced01364e92b) Importer(815301076,1909f56bfc062723c751e8b465ee728b)
Start importing Assets/Dockyard_level/Propanetank/propanetankstack Variant.prefab using Guid(534a71cbd5ed4da49999ced01364e92b) Importer(815301076,1909f56bfc062723c751e8b465ee728b)  -> (artifact id: '7cf79fe3f7c845dac271b74a7749a107') in 0.548835 seconds 
  Import took 0.563988 seconds .

========================================================================
Received Prepare
Registering precompiled user dll's ...
Registered in 0.009651 seconds.
Begin MonoManager ReloadAssembly
Native extension for WindowsStandalone target not found
Refreshing native plugins compatible for Editor in 0.90 ms, found 2 plugins.
Preloading 0 native plugins for Editor in 0.00 ms.
Mono: successfully reloaded assembly
- Completed reload, in  2.644 seconds
Domain Reload Profiling:
	ReloadAssembly (2645ms)
		BeginReloadAssembly (255ms)
			ExecutionOrderSort (0ms)
			DisableScriptedObjects (16ms)
			BackupInstance (0ms)
			ReleaseScriptingObjects (0ms)
			CreateAndSetChildDomain (77ms)
		EndReloadAssembly (2210ms)
			LoadAssemblies (233ms)
			RebuildTransferFunctionScriptingTraits (0ms)
			SetupTypeCache (790ms)
			ReleaseScriptCaches (2ms)
			RebuildScriptCaches (111ms)
			SetupLoadedEditorAssemblies (688ms)
				LogAssemblyErrors (0ms)
				InitializePlatformSupportModulesInManaged (9ms)
				SetLoadedEditorAssemblies (1ms)
				RefreshPlugins (1ms)
				BeforeProcessingInitializeOnLoad (136ms)
				ProcessInitializeOnLoadAttributes (527ms)
				ProcessInitializeOnLoadMethodAttributes (10ms)
				AfterProcessingInitializeOnLoad (4ms)
				EditorAssembliesLoaded (0ms)
			ExecutionOrderSort2 (0ms)
			AwakeInstancesAfterBackupRestoration (42ms)
Platform modules already initialized, skipping
Shader 'Universal Render Pipeline/Particles/Lit': fallback shader 'Universal Render Pipeline/Particles/SimpleLit' not found
Shader 'Universal Render Pipeline/Particles/Lit': fallback shader 'Universal Render Pipeline/Particles/SimpleLit' not found
Refreshing native plugins compatible for Editor in 0.89 ms, found 2 plugins.
Preloading 0 native plugins for Editor in 0.00 ms.
Unloading 2621 Unused Serialized files (Serialized files now loaded: 0)
System memory in use before: 127.6 MB.
System memory in use after: 124.9 MB.

Unloading 47 unused Assets to reduce memory usage. Loaded Objects now: 3362.
Total: 10.124900 ms (FindLiveObjects: 0.469500 ms CreateObjectMapping: 0.221100 ms MarkObjects: 4.935600 ms  DeleteObjects: 4.496000 ms)

AssetImportParameters requested are different than current active one (requested -> active):
  custom:framework-win-MediaFoundation: 216162199b28c13a410421893ffa2e32 -> 
  custom:video-decoder-ogg-theora: a1e56fd34408186e4bbccfd4996cb3dc -> 
  custom:container-muxer-webm: aa71ff27fc2769a1b78a27578f13a17b -> 
  custom:container-demuxer-webm: 4f35f7cbe854078d1ac9338744f61a02 -> 
  custom:container-demuxer-ogg: 62fdf1f143b41e24485cea50d1cbac27 -> 
  custom:video-encoder-webm-vp8: eb34c28f22e8b96e1ab97ce403110664 -> 
  custom:video-decoder-webm-vp8: 9c59270c3fd7afecdb556c50c9e8de78 -> 
  custom:audio-decoder-ogg-vorbis: bf7c407c2cedff20999df2af8eb42d56 -> 
  custom:audio-encoder-webm-vorbis: bf7c407c2cedff20999df2af8eb42d56 -> 
========================================================================
Received Import Request.
  Time since last request: 100.568327 seconds.
  path: Assets/Dockyard_level/Propanetank/propanetankstack Variant Variant.prefab
  artifactKey: Guid(01298ea8eb93ffd419b60c3a50e52205) Importer(815301076,1909f56bfc062723c751e8b465ee728b)
Start importing Assets/Dockyard_level/Propanetank/propanetankstack Variant Variant.prefab using Guid(01298ea8eb93ffd419b60c3a50e52205) Importer(815301076,1909f56bfc062723c751e8b465ee728b)  -> (artifact id: '172c218aaea97438c97e374f2e2a9ba5') in 0.469160 seconds 
  Import took 0.482852 seconds .

========================================================================
Received Import Request.
  Time since last request: 8.285989 seconds.
  path: Assets/Dockyard_level/Propanetank/propanetankstack Variant Variant.prefab
  artifactKey: Guid(01298ea8eb93ffd419b60c3a50e52205) Importer(815301076,1909f56bfc062723c751e8b465ee728b)
Start importing Assets/Dockyard_level/Propanetank/propanetankstack Variant Variant.prefab using Guid(01298ea8eb93ffd419b60c3a50e52205) Importer(815301076,1909f56bfc062723c751e8b465ee728b)  -> (artifact id: '024a1f47da69390c87972bc706d5a6c7') in 0.027305 seconds 
  Import took 0.050201 seconds .

========================================================================
Received Import Request.
  Time since last request: 0.014276 seconds.
  path: Assets/Dockyard_level/Propanetank/propanetankstack Variant Variant.prefab
  artifactKey: Guid(01298ea8eb93ffd419b60c3a50e52205) Importer(815301076,1909f56bfc062723c751e8b465ee728b)
Start importing Assets/Dockyard_level/Propanetank/propanetankstack Variant Variant.prefab using Guid(01298ea8eb93ffd419b60c3a50e52205) Importer(815301076,1909f56bfc062723c751e8b465ee728b)  -> (artifact id: '024a1f47da69390c87972bc706d5a6c7') in 0.016987 seconds 
  Import took 0.053792 seconds .

========================================================================
Received Import Request.
  Time since last request: 56.904969 seconds.
  path: Assets/Dockyard_level/Propanetank/propanetankstack Variant.prefab
  artifactKey: Guid(534a71cbd5ed4da49999ced01364e92b) Importer(815301076,1909f56bfc062723c751e8b465ee728b)
Start importing Assets/Dockyard_level/Propanetank/propanetankstack Variant.prefab using Guid(534a71cbd5ed4da49999ced01364e92b) Importer(815301076,1909f56bfc062723c751e8b465ee728b)  -> (artifact id: 'e3b499830733a43f1e2ca11c76f3c1ad') in 0.059893 seconds 
  Import took 0.077707 seconds .

========================================================================
Received Prepare
Registering precompiled user dll's ...
Registered in 0.018566 seconds.
Begin MonoManager ReloadAssembly
Native extension for WindowsStandalone target not found
Refreshing native plugins compatible for Editor in 0.90 ms, found 2 plugins.
Preloading 0 native plugins for Editor in 0.00 ms.
Mono: successfully reloaded assembly
- Completed reload, in  2.762 seconds
Domain Reload Profiling:
	ReloadAssembly (2763ms)
		BeginReloadAssembly (251ms)
			ExecutionOrderSort (0ms)
			DisableScriptedObjects (18ms)
			BackupInstance (0ms)
			ReleaseScriptingObjects (0ms)
			CreateAndSetChildDomain (78ms)
		EndReloadAssembly (2357ms)
			LoadAssemblies (278ms)
			RebuildTransferFunctionScriptingTraits (0ms)
			SetupTypeCache (836ms)
			ReleaseScriptCaches (8ms)
			RebuildScriptCaches (144ms)
			SetupLoadedEditorAssemblies (711ms)
				LogAssemblyErrors (0ms)
				InitializePlatformSupportModulesInManaged (9ms)
				SetLoadedEditorAssemblies (1ms)
				RefreshPlugins (1ms)
				BeforeProcessingInitializeOnLoad (136ms)
				ProcessInitializeOnLoadAttributes (547ms)
				ProcessInitializeOnLoadMethodAttributes (11ms)
				AfterProcessingInitializeOnLoad (5ms)
				EditorAssembliesLoaded (1ms)
			ExecutionOrderSort2 (0ms)
			AwakeInstancesAfterBackupRestoration (50ms)
Platform modules already initialized, skipping
Shader 'Universal Render Pipeline/Particles/Lit': fallback shader 'Universal Render Pipeline/Particles/SimpleLit' not found
Shader 'Universal Render Pipeline/Particles/Lit': fallback shader 'Universal Render Pipeline/Particles/SimpleLit' not found
Refreshing native plugins compatible for Editor in 1.53 ms, found 2 plugins.
Preloading 0 native plugins for Editor in 0.00 ms.
Unloading 2621 Unused Serialized files (Serialized files now loaded: 0)
System memory in use before: 127.8 MB.
System memory in use after: 125.0 MB.

Unloading 47 unused Assets to reduce memory usage. Loaded Objects now: 3401.
Total: 11.278400 ms (FindLiveObjects: 0.515100 ms CreateObjectMapping: 0.354700 ms MarkObjects: 6.015400 ms  DeleteObjects: 4.390900 ms)

AssetImportParameters requested are different than current active one (requested -> active):
  custom:framework-win-MediaFoundation: 216162199b28c13a410421893ffa2e32 -> 
  custom:video-decoder-ogg-theora: a1e56fd34408186e4bbccfd4996cb3dc -> 
  custom:container-muxer-webm: aa71ff27fc2769a1b78a27578f13a17b -> 
  custom:container-demuxer-webm: 4f35f7cbe854078d1ac9338744f61a02 -> 
  custom:container-demuxer-ogg: 62fdf1f143b41e24485cea50d1cbac27 -> 
  custom:video-encoder-webm-vp8: eb34c28f22e8b96e1ab97ce403110664 -> 
  custom:video-decoder-webm-vp8: 9c59270c3fd7afecdb556c50c9e8de78 -> 
  custom:audio-decoder-ogg-vorbis: bf7c407c2cedff20999df2af8eb42d56 -> 
  custom:audio-encoder-webm-vorbis: bf7c407c2cedff20999df2af8eb42d56 -> 
========================================================================
Received Import Request.
  Time since last request: 163.447956 seconds.
  path: Assets/Dockyard_level/Propanetank/propanetankstack Variant Variant.prefab
  artifactKey: Guid(01298ea8eb93ffd419b60c3a50e52205) Importer(815301076,1909f56bfc062723c751e8b465ee728b)
Start importing Assets/Dockyard_level/Propanetank/propanetankstack Variant Variant.prefab using Guid(01298ea8eb93ffd419b60c3a50e52205) Importer(815301076,1909f56bfc062723c751e8b465ee728b)  -> (artifact id: 'b8ef602dd2447c4534fdc3091fd00ef4') in 0.420758 seconds 
  Import took 0.435264 seconds .

========================================================================
Received Import Request.
  Time since last request: 5.283565 seconds.
  path: Assets/Dockyard_level/Propanetank/propanetankstack Variant Variant.prefab
  artifactKey: Guid(01298ea8eb93ffd419b60c3a50e52205) Importer(815301076,1909f56bfc062723c751e8b465ee728b)
Start importing Assets/Dockyard_level/Propanetank/propanetankstack Variant Variant.prefab using Guid(01298ea8eb93ffd419b60c3a50e52205) Importer(815301076,1909f56bfc062723c751e8b465ee728b)  -> (artifact id: 'f1e7dc191ab755501c765fc2e1163f81') in 0.035711 seconds 
  Import took 0.052287 seconds .

========================================================================
Received Prepare
Registering precompiled user dll's ...
Registered in 0.018501 seconds.
Begin MonoManager ReloadAssembly
Native extension for WindowsStandalone target not found
Refreshing native plugins compatible for Editor in 1.44 ms, found 2 plugins.
Preloading 0 native plugins for Editor in 0.00 ms.
Mono: successfully reloaded assembly
- Completed reload, in  3.167 seconds
Domain Reload Profiling:
	ReloadAssembly (3168ms)
		BeginReloadAssembly (265ms)
			ExecutionOrderSort (0ms)
			DisableScriptedObjects (18ms)
			BackupInstance (0ms)
			ReleaseScriptingObjects (0ms)
			CreateAndSetChildDomain (78ms)
		EndReloadAssembly (2716ms)
			LoadAssemblies (259ms)
			RebuildTransferFunctionScriptingTraits (0ms)
			SetupTypeCache (1036ms)
			ReleaseScriptCaches (3ms)
			RebuildScriptCaches (119ms)
			SetupLoadedEditorAssemblies (837ms)
				LogAssemblyErrors (0ms)
				InitializePlatformSupportModulesInManaged (10ms)
				SetLoadedEditorAssemblies (2ms)
				RefreshPlugins (2ms)
				BeforeProcessingInitializeOnLoad (162ms)
				ProcessInitializeOnLoadAttributes (646ms)
				ProcessInitializeOnLoadMethodAttributes (10ms)
				AfterProcessingInitializeOnLoad (6ms)
				EditorAssembliesLoaded (1ms)
			ExecutionOrderSort2 (0ms)
			AwakeInstancesAfterBackupRestoration (49ms)
Platform modules already initialized, skipping
Shader 'Universal Render Pipeline/Particles/Lit': fallback shader 'Universal Render Pipeline/Particles/SimpleLit' not found
Shader 'Universal Render Pipeline/Particles/Lit': fallback shader 'Universal Render Pipeline/Particles/SimpleLit' not found
Refreshing native plugins compatible for Editor in 0.92 ms, found 2 plugins.
Preloading 0 native plugins for Editor in 0.00 ms.
Unloading 2621 Unused Serialized files (Serialized files now loaded: 0)
System memory in use before: 127.9 MB.
System memory in use after: 125.2 MB.

Unloading 47 unused Assets to reduce memory usage. Loaded Objects now: 3440.
Total: 12.467300 ms (FindLiveObjects: 0.505300 ms CreateObjectMapping: 0.255700 ms MarkObjects: 6.565000 ms  DeleteObjects: 5.137700 ms)

AssetImportParameters requested are different than current active one (requested -> active):
  custom:framework-win-MediaFoundation: 216162199b28c13a410421893ffa2e32 -> 
  custom:video-decoder-ogg-theora: a1e56fd34408186e4bbccfd4996cb3dc -> 
  custom:container-muxer-webm: aa71ff27fc2769a1b78a27578f13a17b -> 
  custom:container-demuxer-webm: 4f35f7cbe854078d1ac9338744f61a02 -> 
  custom:container-demuxer-ogg: 62fdf1f143b41e24485cea50d1cbac27 -> 
  custom:video-encoder-webm-vp8: eb34c28f22e8b96e1ab97ce403110664 -> 
  custom:video-decoder-webm-vp8: 9c59270c3fd7afecdb556c50c9e8de78 -> 
  custom:audio-decoder-ogg-vorbis: bf7c407c2cedff20999df2af8eb42d56 -> 
  custom:audio-encoder-webm-vorbis: bf7c407c2cedff20999df2af8eb42d56 -> 
========================================================================
Received Import Request.
  Time since last request: 91.094014 seconds.
  path: Assets/Dockyard_level/Propanetank/propanetankstack Variant Variant.prefab
  artifactKey: Guid(01298ea8eb93ffd419b60c3a50e52205) Importer(815301076,1909f56bfc062723c751e8b465ee728b)
Start importing Assets/Dockyard_level/Propanetank/propanetankstack Variant Variant.prefab using Guid(01298ea8eb93ffd419b60c3a50e52205) Importer(815301076,1909f56bfc062723c751e8b465ee728b)  -> (artifact id: 'a9d2caab42a00375807f9a72e528faca') in 0.497993 seconds 
  Import took 0.512076 seconds .

========================================================================
Received Import Request.
  Time since last request: 55.730112 seconds.
  path: Assets/Dockyard_level/Propanetank/propanetankstack Variant Variant.prefab
  artifactKey: Guid(01298ea8eb93ffd419b60c3a50e52205) Importer(815301076,1909f56bfc062723c751e8b465ee728b)
Start importing Assets/Dockyard_level/Propanetank/propanetankstack Variant Variant.prefab using Guid(01298ea8eb93ffd419b60c3a50e52205) Importer(815301076,1909f56bfc062723c751e8b465ee728b)  -> (artifact id: '1e1bd429a9096777ded6dc486721018a') in 0.075119 seconds 
  Import took 0.088360 seconds .

========================================================================
Received Import Request.
  Time since last request: 8.834803 seconds.
  path: Assets/Dockyard_level/Propanetank/propanetankstack Variant Variant.prefab
  artifactKey: Guid(01298ea8eb93ffd419b60c3a50e52205) Importer(815301076,1909f56bfc062723c751e8b465ee728b)
Start importing Assets/Dockyard_level/Propanetank/propanetankstack Variant Variant.prefab using Guid(01298ea8eb93ffd419b60c3a50e52205) Importer(815301076,1909f56bfc062723c751e8b465ee728b)  -> (artifact id: '88981bec785daaaea66b02ab9a1dbd9e') in 0.049058 seconds 
  Import took 0.066376 seconds .

========================================================================
Received Import Request.
  Time since last request: 8.695506 seconds.
  path: Assets/Dockyard_level/Propanetank/propanetankstack Variant Variant.prefab
  artifactKey: Guid(01298ea8eb93ffd419b60c3a50e52205) Importer(815301076,1909f56bfc062723c751e8b465ee728b)
Start importing Assets/Dockyard_level/Propanetank/propanetankstack Variant Variant.prefab using Guid(01298ea8eb93ffd419b60c3a50e52205) Importer(815301076,1909f56bfc062723c751e8b465ee728b)  -> (artifact id: '5e47e64f65739e1ee1d26bdb1553246e') in 0.054146 seconds 
  Import took 0.076780 seconds .

========================================================================
Received Prepare
Registering precompiled user dll's ...
Registered in 0.016049 seconds.
Begin MonoManager ReloadAssembly
Native extension for WindowsStandalone target not found
Refreshing native plugins compatible for Editor in 1.54 ms, found 2 plugins.
Preloading 0 native plugins for Editor in 0.00 ms.
Mono: successfully reloaded assembly
- Completed reload, in  4.014 seconds
Domain Reload Profiling:
	ReloadAssembly (4015ms)
		BeginReloadAssembly (348ms)
			ExecutionOrderSort (0ms)
			DisableScriptedObjects (24ms)
			BackupInstance (0ms)
			ReleaseScriptingObjects (0ms)
			CreateAndSetChildDomain (111ms)
		EndReloadAssembly (3427ms)
			LoadAssemblies (317ms)
			RebuildTransferFunctionScriptingTraits (0ms)
			SetupTypeCache (1263ms)
			ReleaseScriptCaches (4ms)
			RebuildScriptCaches (182ms)
			SetupLoadedEditorAssemblies (1023ms)
				LogAssemblyErrors (0ms)
				InitializePlatformSupportModulesInManaged (13ms)
				SetLoadedEditorAssemblies (1ms)
				RefreshPlugins (2ms)
				BeforeProcessingInitializeOnLoad (216ms)
				ProcessInitializeOnLoadAttributes (765ms)
				ProcessInitializeOnLoadMethodAttributes (16ms)
				AfterProcessingInitializeOnLoad (9ms)
				EditorAssembliesLoaded (1ms)
			ExecutionOrderSort2 (0ms)
			AwakeInstancesAfterBackupRestoration (82ms)
Platform modules already initialized, skipping
Shader 'Universal Render Pipeline/Particles/Lit': fallback shader 'Universal Render Pipeline/Particles/SimpleLit' not found
Shader 'Universal Render Pipeline/Particles/Lit': fallback shader 'Universal Render Pipeline/Particles/SimpleLit' not found
Refreshing native plugins compatible for Editor in 1.61 ms, found 2 plugins.
Preloading 0 native plugins for Editor in 0.00 ms.
Unloading 2621 Unused Serialized files (Serialized files now loaded: 0)
System memory in use before: 128.0 MB.
System memory in use after: 125.3 MB.

Unloading 47 unused Assets to reduce memory usage. Loaded Objects now: 3479.
Total: 12.967000 ms (FindLiveObjects: 1.108700 ms CreateObjectMapping: 0.426200 ms MarkObjects: 6.797800 ms  DeleteObjects: 4.631100 ms)

AssetImportParameters requested are different than current active one (requested -> active):
  custom:framework-win-MediaFoundation: 216162199b28c13a410421893ffa2e32 -> 
  custom:video-decoder-ogg-theora: a1e56fd34408186e4bbccfd4996cb3dc -> 
  custom:container-muxer-webm: aa71ff27fc2769a1b78a27578f13a17b -> 
  custom:container-demuxer-webm: 4f35f7cbe854078d1ac9338744f61a02 -> 
  custom:container-demuxer-ogg: 62fdf1f143b41e24485cea50d1cbac27 -> 
  custom:video-encoder-webm-vp8: eb34c28f22e8b96e1ab97ce403110664 -> 
  custom:video-decoder-webm-vp8: 9c59270c3fd7afecdb556c50c9e8de78 -> 
  custom:audio-decoder-ogg-vorbis: bf7c407c2cedff20999df2af8eb42d56 -> 
  custom:audio-encoder-webm-vorbis: bf7c407c2cedff20999df2af8eb42d56 -> 
========================================================================
Received Prepare
Registering precompiled user dll's ...
Registered in 0.145755 seconds.
Begin MonoManager ReloadAssembly
Native extension for WindowsStandalone target not found
Refreshing native plugins compatible for Editor in 1.66 ms, found 2 plugins.
Preloading 0 native plugins for Editor in 0.00 ms.
Mono: successfully reloaded assembly
- Completed reload, in  7.235 seconds
Domain Reload Profiling:
	ReloadAssembly (7236ms)
		BeginReloadAssembly (512ms)
			ExecutionOrderSort (0ms)
			DisableScriptedObjects (29ms)
			BackupInstance (0ms)
			ReleaseScriptingObjects (0ms)
			CreateAndSetChildDomain (134ms)
		EndReloadAssembly (6388ms)
			LoadAssemblies (455ms)
			RebuildTransferFunctionScriptingTraits (0ms)
			SetupTypeCache (1890ms)
			ReleaseScriptCaches (3ms)
			RebuildScriptCaches (245ms)
			SetupLoadedEditorAssemblies (1584ms)
				LogAssemblyErrors (0ms)
				InitializePlatformSupportModulesInManaged (13ms)
				SetLoadedEditorAssemblies (22ms)
				RefreshPlugins (2ms)
				BeforeProcessingInitializeOnLoad (328ms)
				ProcessInitializeOnLoadAttributes (1180ms)
				ProcessInitializeOnLoadMethodAttributes (23ms)
				AfterProcessingInitializeOnLoad (14ms)
				EditorAssembliesLoaded (2ms)
			ExecutionOrderSort2 (0ms)
			AwakeInstancesAfterBackupRestoration (93ms)
Platform modules already initialized, skipping
Shader 'Universal Render Pipeline/Particles/Lit': fallback shader 'Universal Render Pipeline/Particles/SimpleLit' not found
Shader 'Universal Render Pipeline/Particles/Lit': fallback shader 'Universal Render Pipeline/Particles/SimpleLit' not found
Refreshing native plugins compatible for Editor in 1.79 ms, found 2 plugins.
Preloading 0 native plugins for Editor in 0.00 ms.
Unloading 2621 Unused Serialized files (Serialized files now loaded: 0)
System memory in use before: 128.0 MB.
System memory in use after: 125.3 MB.

Unloading 47 unused Assets to reduce memory usage. Loaded Objects now: 3482.
Total: 16.543600 ms (FindLiveObjects: 0.956500 ms CreateObjectMapping: 0.456900 ms MarkObjects: 10.048600 ms  DeleteObjects: 5.077800 ms)

AssetImportParameters requested are different than current active one (requested -> active):
  custom:framework-win-MediaFoundation: 216162199b28c13a410421893ffa2e32 -> 
  custom:video-decoder-ogg-theora: a1e56fd34408186e4bbccfd4996cb3dc -> 
  custom:container-muxer-webm: aa71ff27fc2769a1b78a27578f13a17b -> 
  custom:container-demuxer-webm: 4f35f7cbe854078d1ac9338744f61a02 -> 
  custom:container-demuxer-ogg: 62fdf1f143b41e24485cea50d1cbac27 -> 
  custom:video-encoder-webm-vp8: eb34c28f22e8b96e1ab97ce403110664 -> 
  custom:video-decoder-webm-vp8: 9c59270c3fd7afecdb556c50c9e8de78 -> 
  custom:audio-decoder-ogg-vorbis: bf7c407c2cedff20999df2af8eb42d56 -> 
  custom:audio-encoder-webm-vorbis: bf7c407c2cedff20999df2af8eb42d56 -> 
========================================================================
Received Prepare
Registering precompiled user dll's ...
Registered in 0.031112 seconds.
Begin MonoManager ReloadAssembly
Native extension for WindowsStandalone target not found
Refreshing native plugins compatible for Editor in 0.92 ms, found 2 plugins.
Preloading 0 native plugins for Editor in 0.00 ms.
Mono: successfully reloaded assembly
- Completed reload, in  3.341 seconds
Domain Reload Profiling:
	ReloadAssembly (3341ms)
		BeginReloadAssembly (289ms)
			ExecutionOrderSort (0ms)
			DisableScriptedObjects (16ms)
			BackupInstance (0ms)
			ReleaseScriptingObjects (0ms)
			CreateAndSetChildDomain (82ms)
		EndReloadAssembly (2887ms)
			LoadAssemblies (263ms)
			RebuildTransferFunctionScriptingTraits (0ms)
			SetupTypeCache (999ms)
			ReleaseScriptCaches (3ms)
			RebuildScriptCaches (132ms)
			SetupLoadedEditorAssemblies (921ms)
				LogAssemblyErrors (0ms)
				InitializePlatformSupportModulesInManaged (13ms)
				SetLoadedEditorAssemblies (1ms)
				RefreshPlugins (1ms)
				BeforeProcessingInitializeOnLoad (156ms)
				ProcessInitializeOnLoadAttributes (717ms)
				ProcessInitializeOnLoadMethodAttributes (18ms)
				AfterProcessingInitializeOnLoad (13ms)
				EditorAssembliesLoaded (1ms)
			ExecutionOrderSort2 (0ms)
			AwakeInstancesAfterBackupRestoration (112ms)
Platform modules already initialized, skipping
Shader 'Universal Render Pipeline/Particles/Lit': fallback shader 'Universal Render Pipeline/Particles/SimpleLit' not found
Shader 'Universal Render Pipeline/Particles/Lit': fallback shader 'Universal Render Pipeline/Particles/SimpleLit' not found
Refreshing native plugins compatible for Editor in 1.29 ms, found 2 plugins.
Preloading 0 native plugins for Editor in 0.00 ms.
Unloading 2621 Unused Serialized files (Serialized files now loaded: 0)
System memory in use before: 128.0 MB.
System memory in use after: 125.3 MB.

Unloading 47 unused Assets to reduce memory usage. Loaded Objects now: 3485.
Total: 12.674700 ms (FindLiveObjects: 0.462100 ms CreateObjectMapping: 0.238300 ms MarkObjects: 8.783600 ms  DeleteObjects: 3.186900 ms)

AssetImportParameters requested are different than current active one (requested -> active):
  custom:framework-win-MediaFoundation: 216162199b28c13a410421893ffa2e32 -> 
  custom:video-decoder-ogg-theora: a1e56fd34408186e4bbccfd4996cb3dc -> 
  custom:container-muxer-webm: aa71ff27fc2769a1b78a27578f13a17b -> 
  custom:container-demuxer-webm: 4f35f7cbe854078d1ac9338744f61a02 -> 
  custom:container-demuxer-ogg: 62fdf1f143b41e24485cea50d1cbac27 -> 
  custom:video-encoder-webm-vp8: eb34c28f22e8b96e1ab97ce403110664 -> 
  custom:video-decoder-webm-vp8: 9c59270c3fd7afecdb556c50c9e8de78 -> 
  custom:audio-decoder-ogg-vorbis: bf7c407c2cedff20999df2af8eb42d56 -> 
  custom:audio-encoder-webm-vorbis: bf7c407c2cedff20999df2af8eb42d56 -> 
AssetImportWorkerClient::OnTransportError - code=2 error=End of file
